<?xml version="1.0" encoding="UTF-8"?>
<!-- Generated by org.testng.reporters.JUnitReportReporter -->
<testsuite hostname="Jujaresai" failures="0" tests="1" name="testCases.RegistrationtTest" time="16.098" errors="0" timestamp="2025-01-25T10:22:51 IST" skipped="0">
  <testcase classname="testCases.RegistrationtTest" name="registartion" time="16.098"/>
  <system-out/>
</testsuite> <!-- testCases.RegistrationtTest -->
